<?xml version="1.0" encoding="UTF-8"?>
<testng-results ignored="0" total="3" passed="3" failed="0" skipped="0">
  <reporter-output>
  </reporter-output>
  <suite started-at="2022-12-18T08:40:26 IST" name="Default suite" finished-at="2022-12-18T08:40:48 IST" duration-ms="22196">
    <groups>
    </groups>
    <test started-at="2022-12-18T08:40:26 IST" name="Default test" finished-at="2022-12-18T08:40:48 IST" duration-ms="22196">
      <class name="ExtentReports.ExtentReportExample2">
        <test-method is-config="true" signature="startTest()[pri:0, instance:ExtentReports.ExtentReportExample2@63376bed]" started-at="2022-12-18T08:40:25 IST" name="startTest" finished-at="2022-12-18T08:40:26 IST" duration-ms="700" status="PASS">
          <reporter-output>
          </reporter-output>
        </test-method> <!-- startTest -->
        <test-method is-config="true" signature="launchBrowser()[pri:0, instance:ExtentReports.ExtentReportExample2@63376bed]" started-at="2022-12-18T08:40:26 IST" name="launchBrowser" finished-at="2022-12-18T08:40:41 IST" duration-ms="15753" status="PASS">
          <reporter-output>
          </reporter-output>
        </test-method> <!-- launchBrowser -->
        <test-method is-config="true" signature="getTitle()[pri:0, instance:ExtentReports.ExtentReportExample2@63376bed]" started-at="2022-12-18T08:40:41 IST" name="getTitle" finished-at="2022-12-18T08:40:41 IST" duration-ms="7" status="PASS">
          <reporter-output>
          </reporter-output>
        </test-method> <!-- getTitle -->
        <test-method signature="loginToOrangeHRM()[pri:0, instance:ExtentReports.ExtentReportExample2@63376bed]" started-at="2022-12-18T08:40:41 IST" name="loginToOrangeHRM" finished-at="2022-12-18T08:40:45 IST" duration-ms="3041" status="PASS">
          <reporter-output>
          </reporter-output>
        </test-method> <!-- loginToOrangeHRM -->
        <test-method is-config="true" signature="getTitle1()[pri:0, instance:ExtentReports.ExtentReportExample2@63376bed]" started-at="2022-12-18T08:40:45 IST" name="getTitle1" finished-at="2022-12-18T08:40:45 IST" duration-ms="6" status="PASS">
          <reporter-output>
          </reporter-output>
        </test-method> <!-- getTitle1 -->
        <test-method is-config="true" signature="getTitle()[pri:0, instance:ExtentReports.ExtentReportExample2@63376bed]" started-at="2022-12-18T08:40:45 IST" name="getTitle" finished-at="2022-12-18T08:40:45 IST" duration-ms="8" status="PASS">
          <reporter-output>
          </reporter-output>
        </test-method> <!-- getTitle -->
        <test-method signature="clickUserManagement()[pri:1, instance:ExtentReports.ExtentReportExample2@63376bed]" started-at="2022-12-18T08:40:45 IST" name="clickUserManagement" finished-at="2022-12-18T08:40:47 IST" duration-ms="2530" status="PASS">
          <reporter-output>
          </reporter-output>
        </test-method> <!-- clickUserManagement -->
        <test-method is-config="true" signature="getTitle1()[pri:0, instance:ExtentReports.ExtentReportExample2@63376bed]" started-at="2022-12-18T08:40:47 IST" name="getTitle1" finished-at="2022-12-18T08:40:47 IST" duration-ms="46" status="PASS">
          <reporter-output>
          </reporter-output>
        </test-method> <!-- getTitle1 -->
        <test-method is-config="true" signature="getTitle()[pri:0, instance:ExtentReports.ExtentReportExample2@63376bed]" started-at="2022-12-18T08:40:47 IST" name="getTitle" finished-at="2022-12-18T08:40:47 IST" duration-ms="8" status="PASS">
          <reporter-output>
          </reporter-output>
        </test-method> <!-- getTitle -->
        <test-method signature="clickLogout()[pri:2, instance:ExtentReports.ExtentReportExample2@63376bed]" started-at="2022-12-18T08:40:47 IST" name="clickLogout" finished-at="2022-12-18T08:40:47 IST" duration-ms="65" status="PASS">
          <reporter-output>
          </reporter-output>
        </test-method> <!-- clickLogout -->
        <test-method is-config="true" signature="getTitle1()[pri:0, instance:ExtentReports.ExtentReportExample2@63376bed]" started-at="2022-12-18T08:40:47 IST" name="getTitle1" finished-at="2022-12-18T08:40:47 IST" duration-ms="17" status="PASS">
          <reporter-output>
          </reporter-output>
        </test-method> <!-- getTitle1 -->
        <test-method is-config="true" signature="endTest()[pri:0, instance:ExtentReports.ExtentReportExample2@63376bed]" started-at="2022-12-18T08:40:47 IST" name="endTest" finished-at="2022-12-18T08:40:48 IST" duration-ms="621" status="PASS">
          <reporter-output>
          </reporter-output>
        </test-method> <!-- endTest -->
        <test-method is-config="true" signature="closeBrowser()[pri:0, instance:ExtentReports.ExtentReportExample2@63376bed]" started-at="2022-12-18T08:40:48 IST" name="closeBrowser" finished-at="2022-12-18T08:40:49 IST" duration-ms="1142" status="PASS">
          <reporter-output>
          </reporter-output>
        </test-method> <!-- closeBrowser -->
      </class> <!-- ExtentReports.ExtentReportExample2 -->
    </test> <!-- Default test -->
  </suite> <!-- Default suite -->
</testng-results>
