<?xml version="1.0" encoding="UTF-8"?>
<!-- Generated by org.testng.reporters.JUnitXMLReporter -->
<testsuite ignored="0" hostname="LAPTOP-3BL16AQ1" failures="0" tests="6" name="Test" time="5.224" errors="0" timestamp="2022-12-13T19:50:24 IST">
  <testcase classname="TestNg.TestNGExample_RealTime" name="enterUsername" time="0.856"/>
  <testcase classname="TestNg.TestNGExample_RealTime" name="enterPassword" time="0.472"/>
  <testcase classname="TestNg.TestNGExample_RealTime" name="clickLogin" time="2.037"/>
  <testcase classname="TestNg.TestNGExample_RealTime2" name="enterUsername" time="0.202"/>
  <testcase classname="TestNg.TestNGExample_RealTime2" name="enterPassword" time="0.632"/>
  <testcase classname="TestNg.TestNGExample_RealTime2" name="clickLogin" time="0.129"/>
</testsuite> <!-- Test -->
