<?xml version="1.0" encoding="UTF-8"?>
<!-- Generated by org.testng.reporters.JUnitXMLReporter -->
<testsuite ignored="0" hostname="LAPTOP-3BL16AQ1" failures="0" tests="3" name="Default test" time="22.196" errors="0" timestamp="2022-12-18T08:40:48 IST">
  <testcase classname="ExtentReports.ExtentReportExample2" name="loginToOrangeHRM" time="3.041"/>
  <testcase classname="ExtentReports.ExtentReportExample2" name="clickUserManagement" time="2.53"/>
  <testcase classname="ExtentReports.ExtentReportExample2" name="clickLogout" time="0.065"/>
</testsuite> <!-- Default test -->
